<?xml version="1.0" encoding="UTF-8"?>
<!-- Generated by org.testng.reporters.JUnitReportReporter -->
<testsuite hostname="DESKTOP-B0J7BCE" failures="0" tests="1" name="testScripts.loginAPITest" time="3.534" errors="0" timestamp="2024-02-21T16:53:30 IST" skipped="0">
  <testcase classname="testScripts.loginAPITest" name="loginAPI" time="3.534"/>
  <system-out/>
</testsuite> <!-- testScripts.loginAPITest -->
