<?xml version="1.0" encoding="UTF-8"?>
<!-- Generated by org.testng.reporters.JUnitReportReporter -->
<testsuite hostname="DESKTOP-B0J7BCE" failures="0" tests="1" name="testScripts.CreateOrder" time="0.325" errors="0" timestamp="2024-02-25T14:55:36 IST" skipped="0">
  <testcase classname="testScripts.CreateOrder" name="createnewOrder" time="0.325"/>
  <system-out/>
</testsuite> <!-- testScripts.CreateOrder -->
